### Reannotations starts ###

Reannotation done for NW_023496839.1
Reannotation done for NW_023496813.1
Reannotation done for NW_023496880.1
Reannotation done for NW_023496951.1
Reannotation done for NW_023496874.1
Reannotation done for NW_023496802.1
Reannotation done for NW_023496947.1
Reannotation done for NW_023496942.1
Reannotation done for NW_023496934.1
Reannotation done for NW_023496920.1
Reannotation done for NW_023496923.1
Reannotation done for NW_023496814.1
Reannotation done for NW_023496937.1
Reannotation done for NW_023496838.1
Reannotation done for NW_023496825.1
Reannotation done for NW_023496948.1
Reannotation done for NW_023496903.1
Reannotation done for NW_023496945.1
Reannotation done for NW_023496965.1
Reannotation done for NW_023496906.1
Reannotation done for NW_023496930.1
Reannotation done for NW_023496966.1
Reannotation done for NW_023496962.1
Reannotation done for NW_023496928.1
Reannotation done for NW_023496902.1
Reannotation done for NW_023496959.1
Reannotation done for NW_023496888.1
Reannotation done for NW_023496933.1
Reannotation done for NW_023496898.1
Reannotation done for NW_023496912.1
Reannotation done for NW_023496900.1
Reannotation done for NW_023496931.1
Reannotation done for NW_023496896.1
Reannotation done for NW_023496963.1
Reannotation done for NW_023496981.1
Reannotation done for NW_023496967.1
Reannotation done for NW_023496958.1
Reannotation done for NW_023496968.1
Reannotation done for NW_023496975.1
Reannotation done for NW_023496929.1
Reannotation done for NW_023496840.1
Reannotation done for NW_023497013.1
Reannotation done for NW_023496979.1
Reannotation done for NW_023496953.1
Reannotation done for NW_023496949.1
Reannotation done for NW_023496886.1
Reannotation done for NW_023496977.1
Reannotation done for NW_023496938.1
Reannotation done for NW_023496914.1
Reannotation done for NW_023496996.1
Reannotation done for NW_023496885.1
Reannotation done for NW_023496973.1
Reannotation done for NW_023496984.1
Reannotation done for NW_023496991.1
Reannotation done for NW_023497010.1
Reannotation done for NW_023496980.1
Reannotation done for NW_023497001.1
Reannotation done for NW_023496994.1
Reannotation done for NW_023496952.1
Reannotation done for NW_023496939.1
Reannotation done for NW_023496998.1
Reannotation done for NW_023497002.1
Reannotation done for NW_023496993.1
Reannotation done for NW_023496990.1
Reannotation done for NW_023497003.1
Reannotation done for NW_023496986.1
Reannotation done for NW_023496957.1
Reannotation done for NW_023497021.1
Reannotation done for NW_023496976.1
Reannotation done for NW_023497049.1
Reannotation done for NW_023496894.1
Reannotation done for NW_023497022.1
Reannotation done for NW_023497033.1
Reannotation done for NW_023497009.1
Reannotation done for NW_023497018.1
Reannotation done for NW_023497011.1
Reannotation done for NW_023497039.1
Reannotation done for NW_023497026.1
Reannotation done for NW_023497029.1
Reannotation done for NW_023497024.1
Reannotation done for NW_023497047.1
Reannotation done for NW_023497007.1
Reannotation done for NW_023496917.1
Reannotation done for NW_023497028.1
Reannotation done for NW_023497019.1
Reannotation done for NW_023496895.1
Reannotation done for NW_023497041.1
Reannotation done for NW_023497027.1
Reannotation done for NW_023496941.1
Reannotation done for NW_023497034.1
Reannotation done for NW_023497042.1
Reannotation done for NW_023497030.1
Reannotation done for NW_023497031.1
Reannotation done for NW_023497006.1
Reannotation done for NW_023497045.1
Reannotation done for NW_023497035.1
Reannotation done for NW_023497036.1
Reannotation done for NW_023496974.1
Reannotation done for NW_023496918.1
Reannotation done for NW_023497040.1
Reannotation done for NW_023497051.1
Reannotation done for NW_023497052.1
Reannotation done for NW_023497058.1
Reannotation done for NW_023496969.1
Reannotation done for NW_023496950.1
Reannotation done for NW_023497075.1
Reannotation done for NW_023497046.1
Reannotation done for NW_023496916.1
Reannotation done for NW_023497048.1
Reannotation done for NW_023497056.1
Reannotation done for NW_023497000.1
Reannotation done for NW_023497043.1
Reannotation done for NW_023497014.1
Reannotation done for NW_023497023.1
Reannotation done for NW_023496876.1
Reannotation done for NW_023496940.1
Reannotation done for NW_023496988.1
Reannotation done for NW_023496982.1
Reannotation done for NW_023496961.1
Reannotation done for NW_023497061.1
Reannotation done for NW_023497055.1
Reannotation done for NW_023497062.1
Reannotation done for NW_023497071.1
Reannotation done for NW_023497020.1
Reannotation done for NW_023497016.1
Reannotation done for NW_023497089.1
Reannotation done for NW_023497082.1
Reannotation done for NW_023497064.1
Reannotation done for NW_023497050.1
Reannotation done for NW_023497012.1
Reannotation done for NW_023497065.1
Reannotation done for NW_023497068.1
Reannotation done for NW_023496955.1
Reannotation done for NW_023496997.1
Reannotation done for NW_023497088.1
Reannotation done for NW_023496831.1
Reannotation done for NW_023497090.1
Reannotation done for NW_023496919.1
Reannotation done for NW_023497063.1
Reannotation done for NW_023497077.1
Reannotation done for NW_023496890.1
Reannotation done for NW_023497084.1
Reannotation done for NW_023497073.1
Reannotation done for NW_023497059.1
Reannotation done for NW_023497025.1
Reannotation done for NW_023496909.1
Reannotation done for NW_023497078.1
Reannotation done for NW_023497080.1
Reannotation done for NW_023496971.1
Reannotation done for NW_023497096.1
Reannotation done for NW_023497091.1
Reannotation done for NW_023497079.1
Reannotation done for NW_023496913.1
Reannotation done for NW_023497074.1
Reannotation done for NW_023497070.1
Reannotation done for NW_023496970.1
Reannotation done for NW_023496946.1
Reannotation done for NW_023497094.1
Reannotation done for NW_023497081.1
Reannotation done for NW_023497098.1
Reannotation done for NW_023497106.1
Reannotation done for NW_023497092.1
Reannotation done for NW_023496865.1
Reannotation done for NW_023497112.1
Reannotation done for NW_023497004.1
Reannotation done for NW_023497083.1
Reannotation done for NW_023497097.1
Reannotation done for NW_023496943.1
Reannotation done for NW_023497067.1
Reannotation done for NW_023496972.1
Reannotation done for NW_023497087.1
Reannotation done for NW_023497110.1
Reannotation done for NW_023497120.1
Reannotation done for NW_023497143.1
Reannotation done for NW_023497121.1
Reannotation done for NW_023497109.1
Reannotation done for NW_023497145.1
Reannotation done for NW_023497119.1
Reannotation done for NW_023497032.1
Reannotation done for NW_023497122.1
Reannotation done for NW_023497038.1
Reannotation done for NW_023497126.1
Reannotation done for NW_023497100.1
Reannotation done for NW_023496985.1
Reannotation done for NW_023497113.1
Reannotation done for NW_023497069.1
Reannotation done for NW_023497123.1
Reannotation done for NW_023496911.1
Reannotation done for NW_023497128.1
Reannotation done for NW_023496855.1
Reannotation done for NW_023497099.1
Reannotation done for NW_023497137.1
Reannotation done for NW_023497138.1
Reannotation done for NW_023497142.1
Reannotation done for NW_023497132.1
Reannotation done for NW_023497136.1
Reannotation done for NW_023497140.1
Reannotation done for NW_023497111.1
Reannotation done for NW_023497114.1
Reannotation done for NW_023497116.1
Reannotation done for NW_023497130.1
Reannotation done for NW_023497115.1
Reannotation done for NW_023497129.1
Reannotation done for NW_023497147.1
Reannotation done for NW_023497141.1
Reannotation done for NW_023497054.1
Reannotation done for NW_023496864.1
Reannotation done for NW_023497152.1
Reannotation done for NW_023497131.1
Reannotation done for NW_023497133.1
Reannotation done for NW_023497146.1
Reannotation done for NW_023497168.1
Reannotation done for NW_023497151.1
Reannotation done for NW_023496925.1
Reannotation done for NW_023497148.1
Reannotation done for NW_023496891.1
Reannotation done for NW_023497162.1
Reannotation done for NW_023496989.1
Reannotation done for NW_023497117.1
Reannotation done for NW_023497155.1
Reannotation done for NW_023497158.1
Reannotation done for NW_023497165.1
Reannotation done for NW_023497164.1
Reannotation done for NW_023497154.1
Reannotation done for NW_023497103.1
Reannotation done for NW_023496857.1
Reannotation done for NW_023496926.1
Reannotation done for NW_023497139.1
Reannotation done for NW_023497169.1
Reannotation done for NW_023497170.1
Reannotation done for NW_023497180.1
Reannotation done for NW_023497161.1
Reannotation done for NW_023497104.1
Reannotation done for NW_023497085.1
Reannotation done for NW_023497134.1
Reannotation done for NW_023497057.1
Reannotation done for NW_023497175.1
Reannotation done for NW_023497177.1
Reannotation done for NW_023497210.1
Reannotation done for NW_023496999.1
Reannotation done for NW_023497072.1
Reannotation done for NW_023497173.1
Reannotation done for NW_023496861.1
Reannotation done for NW_023497172.1
Reannotation done for NW_023497124.1
Reannotation done for NW_023497174.1
Reannotation done for NW_023497213.1
Reannotation done for NW_023497217.1
Reannotation done for NW_023496927.1
Reannotation done for NW_023497166.1
Reannotation done for NW_023497108.1
Reannotation done for NW_023496932.1
Reannotation done for NW_023497202.1
Reannotation done for NW_023497176.1
Reannotation done for NW_023496801.1
Reannotation done for NW_023497206.1
Reannotation done for NW_023497190.1
Reannotation done for NW_023497198.1
Reannotation done for NW_023497192.1
Reannotation done for NW_023497199.1
Reannotation done for NW_023497209.1
Reannotation done for NW_023497189.1
Reannotation done for NW_023497194.1
Reannotation done for NW_023497205.1
Reannotation done for NW_023497188.1
Reannotation done for NW_023497107.1
Reannotation done for NW_023497197.1
Reannotation done for NW_023497178.1
Reannotation done for NW_023497212.1
Reannotation done for NW_023497159.1
Reannotation done for NW_023496922.1
Reannotation done for NW_023497193.1
Reannotation done for NW_023497201.1
Reannotation done for NW_023497149.1
Reannotation done for NW_023497153.1
Reannotation done for NW_023497211.1
Reannotation done for NW_023497191.1
Reannotation done for NW_023497208.1
Reannotation done for NW_023497182.1
Reannotation done for NW_023497186.1
Reannotation done for NW_023497207.1
Reannotation done for NW_023497150.1
Reannotation done for NW_023497187.1
Reannotation done for NW_023497183.1
Reannotation done for NW_023497200.1
Reannotation done for NW_023497203.1
Reannotation done for NW_023497223.1
Reannotation done for NW_023497224.1
Reannotation done for NW_023497196.1
Reannotation done for NW_023497215.1
Reannotation done for NW_023497219.1
Reannotation done for NW_023497271.1
Reannotation done for NW_023497216.1
Reannotation done for NW_023497185.1
Reannotation done for NW_023497235.1
Reannotation done for NW_023497060.1
Reannotation done for NW_023497253.1
Reannotation done for NW_023497226.1
Reannotation done for NW_023497225.1
Reannotation done for NW_023497234.1
Reannotation done for NW_023497227.1
Reannotation done for NW_023497237.1
Reannotation done for NW_023497250.1
Reannotation done for NW_023497232.1
Reannotation done for NW_023497242.1
Reannotation done for NW_023497214.1
Reannotation done for NW_023497238.1
Reannotation done for NW_023497243.1
Reannotation done for NW_023497236.1
Reannotation done for NW_023497184.1
Reannotation done for NW_023496881.1
Reannotation done for NW_023497220.1
Reannotation done for NW_023496806.1
Reannotation done for NW_023497230.1
Reannotation done for NW_023497101.1
Reannotation done for NW_023497228.1
Reannotation done for NW_023497248.1
Reannotation done for NW_023497233.1
Reannotation done for NW_023497260.1
Reannotation done for NW_023496893.1
Reannotation done for NW_023496907.1
Reannotation done for NW_023497246.1
Reannotation done for NW_023497251.1
Reannotation done for NW_023497245.1
Reannotation done for NW_023497167.1
Reannotation done for NW_023497240.1
Reannotation done for NW_023497244.1
Reannotation done for NW_023497255.1
Reannotation done for NW_023497252.1
Reannotation done for NW_023496924.1
Reannotation done for NW_023497263.1
Reannotation done for NW_023496829.1
Reannotation done for NW_023497249.1
Reannotation done for NW_023497305.1
Reannotation done for NW_023497280.1
Reannotation done for NW_023496884.1
Reannotation done for NW_023497247.1
Reannotation done for NW_023497269.1
Reannotation done for NW_023497181.1
Reannotation done for NW_023497288.1
Reannotation done for NW_023496960.1
Reannotation done for NW_023497303.1
Reannotation done for NW_023497266.1
Reannotation done for NW_023497279.1
Reannotation done for NW_023497264.1
Reannotation done for NW_023497265.1
Reannotation done for NW_023497310.1
Reannotation done for NW_023497285.1
Reannotation done for NW_023497291.1
Reannotation done for NW_023497282.1
Reannotation done for NW_023497256.1
Reannotation done for NW_023497270.1
Reannotation done for NW_023497315.1
Reannotation done for NW_023497304.1
Reannotation done for NW_023497292.1
Reannotation done for NW_023497306.1
Reannotation done for NW_023497294.1
Reannotation done for NW_023496904.1
Reannotation done for NW_023497290.1
Reannotation done for NW_023497274.1
Reannotation done for NW_023497299.1
Reannotation done for NW_023497311.1
Reannotation done for NW_023497277.1
Reannotation done for NW_023497297.1
Reannotation done for NW_023497289.1
Reannotation done for NW_023497008.1
Reannotation done for NW_023497281.1
Reannotation done for NW_023497262.1
Reannotation done for NW_023497261.1
Reannotation done for NW_023497272.1
Reannotation done for NW_023497314.1
Reannotation done for NW_023497273.1
Reannotation done for NW_023496910.1
Reannotation done for NW_023497313.1
Reannotation done for NW_023497296.1
Reannotation done for NW_023497105.1
Reannotation done for NW_023497293.1
Reannotation done for NW_023497284.1
Reannotation done for NW_023497239.1
Reannotation done for NW_023497095.1
Reannotation done for NW_023496992.1
Reannotation done for NW_023497278.1
Reannotation done for NW_023497286.1
Reannotation done for NW_023497312.1
Reannotation done for NW_023497301.1
Reannotation done for NW_023496908.1
Reannotation done for NW_023497267.1
Reannotation done for NW_023497302.1
Reannotation done for NW_023497300.1
Reannotation done for NW_023497257.1
Reannotation done for NW_023497295.1
Reannotation done for NW_023497307.1
Reannotation done for NW_023497316.1
Reannotation done for NW_023497258.1
Reannotation done for NW_023497317.1
Reannotation done for NW_023497275.1
Reannotation done for NW_023496936.1
Reannotation done for NW_023496983.1
Reannotation done for NW_023497309.1
Reannotation done for NW_023497283.1
Reannotation done for NW_023496858.1
Reannotation done for NW_023496887.1
Reannotation done for NW_023496866.1
Reannotation done for NW_023496830.1
Reannotation done for NW_023497229.1
Reannotation done for NW_023496870.1
Reannotation done for NW_023496823.1
Reannotation done for NW_023497254.1
Reannotation done for NW_023496897.1
Reannotation done for NW_023497156.1
Reannotation done for NW_023497218.1
Reannotation done for NW_023496905.1
Reannotation done for NW_023496871.1
Reannotation done for NW_023496892.1
Reannotation done for NW_023496901.1
Reannotation done for NW_023497017.1
Reannotation done for NW_023496882.1
Reannotation done for NW_023496879.1
Reannotation done for NW_023497163.1
Reannotation done for NW_023496811.1
Reannotation done for NW_023497125.1
Reannotation done for NW_023496872.1
Reannotation done for NW_023497221.1
Reannotation done for NW_023496863.1
Reannotation done for NW_023496878.1
Reannotation done for NW_023496868.1
Reannotation done for NW_023496862.1
Reannotation done for NW_023496849.1
Reannotation done for NW_023496956.1
Reannotation done for NW_023496821.1
Reannotation done for NW_023496873.1
Reannotation done for NW_023497331.1
Reannotation done for NW_023496827.1
Reannotation done for NW_023497222.1
Reannotation done for NW_023496883.1
Reannotation done for NW_023496877.1
Reannotation done for NW_023497325.1
Reannotation done for NW_023496852.1
Reannotation done for NW_023496889.1
Reannotation done for NW_023497330.1
Reannotation done for NW_023496848.1
Reannotation done for NW_023496867.1
Reannotation done for NW_023497339.1
Reannotation done for NW_023497241.1
Reannotation done for NW_023496820.1
Reannotation done for NW_023496854.1
Reannotation done for NW_023497332.1
Reannotation done for NW_023497341.1
Reannotation done for NW_023497204.1
Reannotation done for NW_023497157.1
Reannotation done for NW_023497334.1
Reannotation done for NW_023497319.1
Reannotation done for NW_023496856.1
Reannotation done for NW_023497321.1
Reannotation done for NW_023497324.1
Reannotation done for NW_023497298.1
Reannotation done for NW_023496805.1
Reannotation done for NW_023497338.1
Reannotation done for NW_023496826.1
Reannotation done for NW_023496851.1
Reannotation done for NW_023496809.1
Reannotation done for NW_023497337.1
Reannotation done for NW_023496869.1
Reannotation done for NW_023496850.1
Reannotation done for NW_023497343.1
Reannotation done for NW_023497144.1
Reannotation done for NW_023497015.1
Reannotation done for NW_023497327.1
Reannotation done for NW_023497320.1
Reannotation done for NW_023496944.1
Reannotation done for NW_023497037.1
Reannotation done for NW_023497340.1
Reannotation done for NW_023497322.1
Reannotation done for NW_023496859.1
Reannotation done for NW_023497102.1
Reannotation done for NW_023497118.1
Reannotation done for NW_023497093.1
Reannotation done for NW_023496804.1
Reannotation done for NW_023497276.1
Reannotation done for NW_023497323.1
Reannotation done for NW_023497329.1
Reannotation done for NW_023497287.1
Reannotation done for NW_023497326.1
Reannotation done for NW_023497344.1
Reannotation done for NW_023497333.1
Reannotation done for NW_023497086.1
Reannotation done for NW_023496853.1
Reannotation done for NW_023497336.1
Reannotation done for NW_023497308.1
Reannotation done for NW_023496818.1
Reannotation done for NW_023496899.1
Reannotation done for NW_023497335.1
Reannotation done for NW_023497342.1
Reannotation done for NW_023497127.1
Reannotation done for NW_023497171.1
Reannotation done for NW_023497268.1
Reannotation done for NW_023497231.1
Reannotation done for NW_023497259.1
Reannotation done for NW_023497328.1
Reannotation done for NW_023497318.1
Reannotation done for NW_023497179.1
Reannotation done for NW_023497195.1
Reannotation done for NW_023496803.1
Reannotation done for NW_023497160.1
Reannotation done for NW_023497066.1
Reannotation done for NW_023497076.1
Reannotation done for NW_023496935.1
Reannotation done for NW_023496954.1
Reannotation done for NW_023496987.1
Reannotation done for NW_023497005.1
Reannotation done for NW_023497044.1
Reannotation done for NW_023497135.1
Reannotation done for NW_023496847.1
Reannotation done for NW_023496915.1
Reannotation done for NW_023496978.1
Reannotation done for NW_023496815.1
Reannotation done for NW_023496964.1
Reannotation done for NW_023496995.1
Reannotation done for NW_023496832.1
Reannotation done for NW_023496921.1
Reannotation done for NW_023496844.1
Reannotation done for NW_023497053.1
Reannotation done for NW_023496875.1
Reannotation done for NW_023496860.1
Reannotation done for NW_023496834.1
Reannotation done for NW_023496842.1
Reannotation done for NW_023496824.1
Reannotation done for NW_023496843.1
Reannotation done for NW_023496833.1
Reannotation done for NW_023496828.1
Reannotation done for NW_023496822.1
Reannotation done for NC_050699.1
Reannotation done for NW_023496810.1
Reannotation done for NW_023496841.1
Reannotation done for NW_023496819.1
Reannotation done for NW_023496817.1
Reannotation done for NW_023496816.1
Reannotation done for NW_023496836.1
Reannotation done for NW_023496837.1
Reannotation done for NW_023496846.1
Reannotation done for NW_023496835.1
Reannotation done for NW_023496808.1
Reannotation done for NW_023496845.1
Reannotation done for NW_023496807.1
Reannotation done for NW_023496812.1
Reannotation done for NW_023496800.1
### Reannotations ends ###

### Merging starts ###

### Merging ends ###

